<?xml version="1.0" encoding="UTF-8"?>
<!-- Generated by org.testng.reporters.JUnitXMLReporter -->
<testsuite ignored="0" hostname="DESKTOP-2VC2RTM" failures="0" tests="3" name="chromeTest" time="29.798" errors="0" timestamp="2025-09-29T10:23:31 IST">
  <testcase classname="testCases.TC001_signinemailtest" name="verify_email_registration" time="0.773"/>
  <testcase classname="testCases.TC001_signinemailtest" name="verify_errmsg_withimpropermail" time="6.357"/>
  <testcase classname="testCases.TC001_signinemailtest" name="verify_errmsg_withoutmail" time="5.959"/>
</testsuite> <!-- chromeTest -->
