<?xml version="1.0" encoding="UTF-8"?>
<!-- Generated by org.testng.reporters.JUnitXMLReporter -->
<testsuite ignored="0" hostname="DESKTOP-2VC2RTM" failures="0" tests="3" name="firefoxTest" time="63.197" errors="0" timestamp="2025-09-29T10:24:05 IST">
  <testcase classname="testCases.TC001_signinemailtest" name="verify_email_registration" time="0.397"/>
  <testcase classname="testCases.TC001_signinemailtest" name="verify_errmsg_withimpropermail" time="13.66"/>
  <testcase classname="testCases.TC001_signinemailtest" name="verify_errmsg_withoutmail" time="15.611"/>
</testsuite> <!-- firefoxTest -->
